<?xml version="1.0" encoding="UTF-8"?>
<coverage generated="1699823450561" clover="3.2.0">
  <project timestamp="1699823450561" name="All files">
    <metrics statements="16" coveredstatements="16" conditionals="13" coveredconditionals="12" methods="2" coveredmethods="2" elements="31" coveredelements="30" complexity="0" loc="16" ncloc="16" packages="1" files="1" classes="1"/>
    <file name="greeting.js" path="C:\Users\Nadir\Desktop\devops-mini-proj-tdd-greetings\greeting.js">
      <metrics statements="16" coveredstatements="16" conditionals="13" coveredconditionals="12" methods="2" coveredmethods="2"/>
      <line num="2" count="8" type="cond" truecount="2" falsecount="0"/>
      <line num="3" count="3" type="stmt"/>
      <line num="5" count="5" type="cond" truecount="5" falsecount="0"/>
      <line num="6" count="3" type="stmt"/>
      <line num="8" count="2" type="cond" truecount="2" falsecount="0"/>
      <line num="9" count="1" type="stmt"/>
      <line num="11" count="1" type="stmt"/>
      <line num="15" count="3" type="cond" truecount="2" falsecount="0"/>
      <line num="16" count="1" type="stmt"/>
      <line num="18" count="2" type="cond" truecount="1" falsecount="1"/>
      <line num="19" count="2" type="stmt"/>
      <line num="20" count="2" type="stmt"/>
      <line num="21" count="1" type="stmt"/>
      <line num="23" count="2" type="stmt"/>
      <line num="24" count="2" type="stmt"/>
      <line num="28" count="1" type="stmt"/>
    </file>
  </project>
</coverage>
