{"C:\\Users\\Nadir\\Desktop\\devops-mini-proj-tdd-greetings\\greeting.js": {"path":"C:\\Users\\Nadir\\Desktop\\devops-mini-proj-tdd-greetings\\greeting.js","statementMap":{"0":{"start":{"line":2,"column":2},"end":{"line":4,"column":3}},"1":{"start":{"line":3,"column":4},"end":{"line":3,"column":29}},"2":{"start":{"line":5,"column":2},"end":{"line":7,"column":3}},"3":{"start":{"line":6,"column":4},"end":{"line":6,"column":30}},"4":{"start":{"line":8,"column":2},"end":{"line":10,"column":3}},"5":{"start":{"line":9,"column":4},"end":{"line":9,"column":28}},"6":{"start":{"line":11,"column":2},"end":{"line":11,"column":26}},"7":{"start":{"line":15,"column":22},"end":{"line":15,"column":37}},"8":{"start":{"line":16,"column":14},"end":{"line":16,"column":40}},"9":{"start":{"line":18,"column":2},"end":{"line":20,"column":3}},"10":{"start":{"line":19,"column":4},"end":{"line":19,"column":39}},"11":{"start":{"line":21,"column":2},"end":{"line":21,"column":14}},"12":{"start":{"line":25,"column":25},"end":{"line":25,"column":27}},"13":{"start":{"line":26,"column":25},"end":{"line":26,"column":27}},"14":{"start":{"line":27,"column":2},"end":{"line":30,"column":3}},"15":{"start":{"line":28,"column":4},"end":{"line":29,"column":35}},"16":{"start":{"line":28,"column":39},"end":{"line":28,"column":65}},"17":{"start":{"line":29,"column":9},"end":{"line":29,"column":35}},"18":{"start":{"line":31,"column":2},"end":{"line":31,"column":41}},"19":{"start":{"line":35,"column":12},"end":{"line":35,"column":19}},"20":{"start":{"line":36,"column":2},"end":{"line":38,"column":3}},"21":{"start":{"line":36,"column":15},"end":{"line":36,"column":16}},"22":{"start":{"line":37,"column":4},"end":{"line":37,"column":26}},"23":{"start":{"line":39,"column":2},"end":{"line":39,"column":43}},"24":{"start":{"line":40,"column":2},"end":{"line":40,"column":12}},"25":{"start":{"line":43,"column":20},"end":{"line":43,"column":36}},"26":{"start":{"line":44,"column":14},"end":{"line":44,"column":77}},"27":{"start":{"line":45,"column":2},"end":{"line":47,"column":3}},"28":{"start":{"line":45,"column":15},"end":{"line":45,"column":16}},"29":{"start":{"line":46,"column":4},"end":{"line":46,"column":21}},"30":{"start":{"line":48,"column":2},"end":{"line":48,"column":14}},"31":{"start":{"line":49,"column":2},"end":{"line":49,"column":14}},"32":{"start":{"line":52,"column":0},"end":{"line":52,"column":36}}},"fnMap":{"0":{"name":"greet","decl":{"start":{"line":1,"column":9},"end":{"line":1,"column":14}},"loc":{"start":{"line":1,"column":22},"end":{"line":12,"column":1}},"line":1},"1":{"name":"greetTwoName","decl":{"start":{"line":14,"column":9},"end":{"line":14,"column":21}},"loc":{"start":{"line":14,"column":29},"end":{"line":22,"column":1}},"line":14},"2":{"name":"sortArray","decl":{"start":{"line":24,"column":9},"end":{"line":24,"column":18}},"loc":{"start":{"line":24,"column":26},"end":{"line":32,"column":1}},"line":24},"3":{"name":"lowerNames","decl":{"start":{"line":34,"column":9},"end":{"line":34,"column":19}},"loc":{"start":{"line":34,"column":28},"end":{"line":41,"column":1}},"line":34},"4":{"name":"upperNames","decl":{"start":{"line":42,"column":9},"end":{"line":42,"column":19}},"loc":{"start":{"line":42,"column":28},"end":{"line":50,"column":1}},"line":42}},"branchMap":{"0":{"loc":{"start":{"line":2,"column":2},"end":{"line":4,"column":3}},"type":"if","locations":[{"start":{"line":2,"column":2},"end":{"line":4,"column":3}},{"start":{},"end":{}}],"line":2},"1":{"loc":{"start":{"line":5,"column":2},"end":{"line":7,"column":3}},"type":"if","locations":[{"start":{"line":5,"column":2},"end":{"line":7,"column":3}},{"start":{},"end":{}}],"line":5},"2":{"loc":{"start":{"line":5,"column":6},"end":{"line":5,"column":43}},"type":"binary-expr","locations":[{"start":{"line":5,"column":6},"end":{"line":5,"column":11}},{"start":{"line":5,"column":15},"end":{"line":5,"column":28}},{"start":{"line":5,"column":32},"end":{"line":5,"column":43}}],"line":5},"3":{"loc":{"start":{"line":8,"column":2},"end":{"line":10,"column":3}},"type":"if","locations":[{"start":{"line":8,"column":2},"end":{"line":10,"column":3}},{"start":{},"end":{}}],"line":8},"4":{"loc":{"start":{"line":18,"column":2},"end":{"line":20,"column":3}},"type":"if","locations":[{"start":{"line":18,"column":2},"end":{"line":20,"column":3}},{"start":{},"end":{}}],"line":18},"5":{"loc":{"start":{"line":28,"column":4},"end":{"line":29,"column":35}},"type":"if","locations":[{"start":{"line":28,"column":4},"end":{"line":29,"column":35}},{"start":{"line":29,"column":9},"end":{"line":29,"column":35}}],"line":28}},"s":{"0":9,"1":4,"2":5,"3":3,"4":2,"5":1,"6":1,"7":4,"8":4,"9":4,"10":1,"11":4,"12":4,"13":4,"14":4,"15":12,"16":1,"17":11,"18":4,"19":4,"20":4,"21":4,"22":7,"23":4,"24":4,"25":1,"26":1,"27":1,"28":1,"29":1,"30":1,"31":1,"32":1},"f":{"0":9,"1":4,"2":4,"3":4,"4":1},"b":{"0":[4,5],"1":[3,2],"2":[5,2,2],"3":[1,1],"4":[1,3],"5":[1,11]},"_coverageSchema":"1a1c01bbd47fc00a2c39e90264f33305004495a9","hash":"079d4fc7b474ca4086e20b12c5777138fb40fdad"}
}
