TN:
SF:greeting.js
FN:1,greet
FN:15,greetTwoName
FN:25,sortArray
FN:36,lowerNames
FN:62,upperNames
FNF:5
FNH:5
FNDA:10,greet
FNDA:5,greetTwoName
FNDA:5,sortArray
FNDA:5,lowerNames
FNDA:1,upperNames
DA:2,10
DA:3,5
DA:5,5
DA:6,3
DA:8,2
DA:9,1
DA:12,1
DA:16,5
DA:17,5
DA:19,5
DA:20,1
DA:22,5
DA:26,5
DA:27,5
DA:29,5
DA:30,15
DA:31,14
DA:33,5
DA:37,5
DA:38,5
DA:39,5
DA:40,1
DA:41,1
DA:42,1
DA:43,4
DA:44,0
DA:45,0
DA:46,0
DA:47,4
DA:48,0
DA:49,0
DA:50,0
DA:52,4
DA:53,4
DA:55,5
DA:56,8
DA:58,5
DA:59,5
DA:63,1
DA:64,1
DA:65,1
DA:66,1
DA:68,1
DA:69,1
DA:71,1
LF:45
LH:39
BRDA:2,0,0,5
BRDA:2,0,1,5
BRDA:5,1,0,3
BRDA:5,1,1,2
BRDA:5,2,0,5
BRDA:5,2,1,2
BRDA:5,2,2,2
BRDA:8,3,0,1
BRDA:8,3,1,1
BRDA:19,4,0,1
BRDA:19,4,1,4
BRDA:30,5,0,1
BRDA:30,5,1,14
BRDA:39,6,0,1
BRDA:39,6,1,4
BRDA:43,7,0,0
BRDA:43,7,1,4
BRDA:47,8,0,0
BRDA:47,8,1,4
BRF:19
BRH:17
end_of_record
