TN:
SF:greeting.js
FN:1,greet
FN:14,greetTwoName
FN:24,sortArray
FN:34,lowerNames
FN:42,upperNames
FNF:5
FNH:5
FNDA:9,greet
FNDA:4,greetTwoName
FNDA:4,sortArray
FNDA:4,lowerNames
FNDA:1,upperNames
DA:2,9
DA:3,4
DA:5,5
DA:6,3
DA:8,2
DA:9,1
DA:11,1
DA:15,4
DA:16,4
DA:18,4
DA:19,1
DA:21,4
DA:25,4
DA:26,4
DA:27,4
DA:28,12
DA:29,11
DA:31,4
DA:35,4
DA:36,4
DA:37,7
DA:39,4
DA:40,4
DA:43,1
DA:44,1
DA:45,1
DA:46,1
DA:48,1
DA:49,1
DA:52,1
LF:30
LH:30
BRDA:2,0,0,4
BRDA:2,0,1,5
BRDA:5,1,0,3
BRDA:5,1,1,2
BRDA:5,2,0,5
BRDA:5,2,1,2
BRDA:5,2,2,2
BRDA:8,3,0,1
BRDA:8,3,1,1
BRDA:18,4,0,1
BRDA:18,4,1,3
BRDA:28,5,0,1
BRDA:28,5,1,11
BRF:13
BRH:13
end_of_record
